This is pdfTeX, Version 3.14159265-2.6-1.40.21 (MiKTeX 2.9.7300 64-bit) (preloaded format=pdflatex 2020.3.20)  3 MAY 2021 12:29
entering extended mode
**./DRAM_manual.tex
(DRAM_manual.tex
LaTeX2e <2020-02-02> patch level 5
L3 programming layer <2020-03-06>
("C:\Users\gjm36\AppData\Local\Programs\MiKTeX 2.9\tex/latex/base\article.cls"
Document Class: article 2019/12/20 v1.4l Standard LaTeX document class
("C:\Users\gjm36\AppData\Local\Programs\MiKTeX 2.9\tex/latex/base\size11.clo"
File: size11.clo 2019/12/20 v1.4l Standard LaTeX file (size option)
)
\c@part=\count167
\c@section=\count168
\c@subsection=\count169
\c@subsubsection=\count170
\c@paragraph=\count171
\c@subparagraph=\count172
\c@figure=\count173
\c@table=\count174
\abovecaptionskip=\skip47
\belowcaptionskip=\skip48
\bibindent=\dimen134
) ("C:\Users\gjm36\AppData\Local\Programs\MiKTeX 2.9\tex/latex/tabu\tabu.sty"
Package: tabu 2019/01/11 v2.9 - flexible LaTeX tabulars (FC+tabu-fixed)

("C:\Users\gjm36\AppData\Local\Programs\MiKTeX 2.9\tex/latex/tools\array.sty"
Package: array 2019/08/31 v2.4l Tabular extension package (FMi)
\col@sep=\dimen135
\ar@mcellbox=\box45
\extrarowheight=\dimen136
\NC@list=\toks15
\extratabsurround=\skip49
\backup@length=\skip50
\ar@cellbox=\box46
)
("C:\Users\gjm36\AppData\Local\Programs\MiKTeX 2.9\tex/latex/varwidth\varwidth.
sty"
Package: varwidth 2009/03/30 ver 0.92;  Variable-width minipages
\@vwid@box=\box47
\sift@deathcycles=\count175
\@vwid@loff=\dimen137
\@vwid@roff=\dimen138
)
\c@taburow=\count176
\tabu@nbcols=\count177
\tabu@cnt=\count178
\tabu@Xcol=\count179
\tabu@alloc=\count180
\tabu@nested=\count181
\tabu@target=\dimen139
\tabu@spreadtarget=\dimen140
\tabu@naturalX=\dimen141
\tabucolX=\dimen142
\tabu@Xsum=\dimen143
\extrarowdepth=\dimen144
\abovetabulinesep=\dimen145
\belowtabulinesep=\dimen146
\tabustrutrule=\dimen147
\tabu@thebody=\toks16
\tabu@footnotes=\toks17
\tabu@box=\box48
\tabu@arstrutbox=\box49
\tabu@hleads=\box50
\tabu@vleads=\box51
\tabu@cellskip=\skip51
)
("C:\Users\gjm36\AppData\Local\Programs\MiKTeX 2.9\tex/latex/ctable\ctable.sty"
Package: ctable 2015/10/17 v1.31 ctable package for flexible typesetting of tab
le and figure floats using key/value directives
("C:\Users\gjm36\AppData\Local\Programs\MiKTeX 2.9\tex/generic/iftex\ifpdf.sty"
Package: ifpdf 2019/10/25 v3.4 ifpdf legacy package. Use iftex instead.
("C:\Users\gjm36\AppData\Local\Programs\MiKTeX 2.9\tex/generic/iftex\iftex.sty"
Package: iftex 2020/03/06 v1.0d TeX engine tests
))
("C:\Users\gjm36\AppData\Local\Programs\MiKTeX 2.9\tex/latex/etoolbox\etoolbox.
sty"
Package: etoolbox 2019/09/21 v2.5h e-TeX tools for LaTeX (JAW)
\etb@tempcnta=\count182
)
("C:\Users\gjm36\AppData\Local\Programs\MiKTeX 2.9\tex/latex/xcolor\xcolor.sty"
Package: xcolor 2016/05/11 v2.12 LaTeX color extensions (UK)

("C:\Users\gjm36\AppData\Local\Programs\MiKTeX 2.9\tex/latex/graphics-cfg\color
.cfg"
File: color.cfg 2016/01/02 v1.6 sample color configuration
)
Package xcolor Info: Driver file: pdftex.def on input line 225.

("C:\Users\gjm36\AppData\Local\Programs\MiKTeX 2.9\tex/latex/graphics-def\pdfte
x.def"
File: pdftex.def 2018/01/08 v1.0l Graphics/color driver for pdftex
)
Package xcolor Info: Model `cmy' substituted by `cmy0' on input line 1348.
Package xcolor Info: Model `hsb' substituted by `rgb' on input line 1352.
Package xcolor Info: Model `RGB' extended on input line 1364.
Package xcolor Info: Model `HTML' substituted by `rgb' on input line 1366.
Package xcolor Info: Model `Hsb' substituted by `hsb' on input line 1367.
Package xcolor Info: Model `tHsb' substituted by `hsb' on input line 1368.
Package xcolor Info: Model `HSB' substituted by `hsb' on input line 1369.
Package xcolor Info: Model `Gray' substituted by `gray' on input line 1370.
Package xcolor Info: Model `wave' substituted by `hsb' on input line 1371.
)
("C:\Users\gjm36\AppData\Local\Programs\MiKTeX 2.9\tex/latex/xkeyval\xkeyval.st
y"
Package: xkeyval 2014/12/03 v2.7a package option processing (HA)

("C:\Users\gjm36\AppData\Local\Programs\MiKTeX 2.9\tex/generic/xkeyval\xkeyval.
tex"
("C:\Users\gjm36\AppData\Local\Programs\MiKTeX 2.9\tex/generic/xkeyval\xkvutils
.tex"
\XKV@toks=\toks18
\XKV@tempa@toks=\toks19

("C:\Users\gjm36\AppData\Local\Programs\MiKTeX 2.9\tex/generic/xkeyval\keyval.t
ex"))
\XKV@depth=\count183
File: xkeyval.tex 2014/12/03 v2.7a key=value parser (HA)
))
("C:\Users\gjm36\AppData\Local\Programs\MiKTeX 2.9\tex/latex/tools\tabularx.sty
"
Package: tabularx 2020/01/15 v2.11c `tabularx' package (DPC)
\TX@col@width=\dimen148
\TX@old@table=\dimen149
\TX@old@col=\dimen150
\TX@target=\dimen151
\TX@delta=\dimen152
\TX@cols=\count184
\TX@ftn=\toks20
)
("C:\Users\gjm36\AppData\Local\Programs\MiKTeX 2.9\tex/latex/booktabs\booktabs.
sty"
Package: booktabs 2020/01/12 v1.61803398 Publication quality tables
\heavyrulewidth=\dimen153
\lightrulewidth=\dimen154
\cmidrulewidth=\dimen155
\belowrulesep=\dimen156
\belowbottomsep=\dimen157
\aboverulesep=\dimen158
\abovetopsep=\dimen159
\cmidrulesep=\dimen160
\cmidrulekern=\dimen161
\defaultaddspace=\dimen162
\@cmidla=\count185
\@cmidlb=\count186
\@aboverulesep=\dimen163
\@belowrulesep=\dimen164
\@thisruleclass=\count187
\@lastruleclass=\count188
\@thisrulewidth=\dimen165
)
("C:\Users\gjm36\AppData\Local\Programs\MiKTeX 2.9\tex/latex/graphics\rotating.
sty"
Package: rotating 2016/08/11 v2.16d rotated objects in LaTeX

("C:\Users\gjm36\AppData\Local\Programs\MiKTeX 2.9\tex/latex/graphics\graphicx.
sty"
Package: graphicx 2019/11/30 v1.2a Enhanced LaTeX Graphics (DPC,SPQR)

("C:\Users\gjm36\AppData\Local\Programs\MiKTeX 2.9\tex/latex/graphics\graphics.
sty"
Package: graphics 2019/11/30 v1.4a Standard LaTeX Graphics (DPC,SPQR)

("C:\Users\gjm36\AppData\Local\Programs\MiKTeX 2.9\tex/latex/graphics\trig.sty"
Package: trig 2016/01/03 v1.10 sin cos tan (DPC)
)
("C:\Users\gjm36\AppData\Local\Programs\MiKTeX 2.9\tex/latex/graphics-cfg\graph
ics.cfg"
File: graphics.cfg 2016/06/04 v1.11 sample graphics configuration
)
Package graphics Info: Driver file: pdftex.def on input line 105.
)
\Gin@req@height=\dimen166
\Gin@req@width=\dimen167
)
("C:\Users\gjm36\AppData\Local\Programs\MiKTeX 2.9\tex/latex/base\ifthen.sty"
Package: ifthen 2014/09/29 v1.1c Standard LaTeX ifthen package (DPC)
)
\c@r@tfl@t=\count189
\rotFPtop=\skip52
\rotFPbot=\skip53
\rot@float@box=\box52
\rot@mess@toks=\toks21
)
("C:\Users\gjm36\AppData\Local\Programs\MiKTeX 2.9\tex/latex/transparent\transp
arent.sty"
Package: transparent 2019/11/29 v1.4 Transparency via pdfTeX's color stack (HO)


("C:\Users\gjm36\AppData\Local\Programs\MiKTeX 2.9\tex/latex/auxhook\auxhook.st
y"
Package: auxhook 2019-12-17 v1.6 Hooks for auxiliary files (HO)
))
\@CTframesep=\dimen168
\@dfltCTframesep=\dimen169
\@CTframerule=\dimen170
\@dfltCTframerule=\dimen171
\@CTwidth=\dimen172
\@dfltCTwidth=\dimen173
\@CTcaptionskip=\dimen174
\@dfltCTcaptionskip=\dimen175
\@CTmaxwidth=\dimen176
\@dfltCTmaxwidth=\dimen177
\@CTmincapwidth=\dimen178
\@dfltCTmincapwidth=\dimen179
\@CTfooterwidth=\dimen180
\@dfltCTfooterwidth=\dimen181
\@CTw=\dimen182
\@CTfloatwidth=\dimen183
\@CToldsep=\dimen184
\@CToldrule=\dimen185
\CT@t=\box53
\@CTcurftwidth=\dimen186
)
("C:\Users\gjm36\AppData\Local\Programs\MiKTeX 2.9\tex/latex/epstopdf-pkg\epsto
pdf.sty"
Package: epstopdf 2020-01-24 v2.11 Conversion with epstopdf on the fly (HO)

("C:\Users\gjm36\AppData\Local\Programs\MiKTeX 2.9\tex/generic/infwarerr\infwar
err.sty"
Package: infwarerr 2019/12/03 v1.5 Providing info/warning/error messages (HO)
)
("C:\Users\gjm36\AppData\Local\Programs\MiKTeX 2.9\tex/latex/grfext\grfext.sty"
Package: grfext 2019/12/03 v1.3 Manage graphics extensions (HO)

("C:\Users\gjm36\AppData\Local\Programs\MiKTeX 2.9\tex/generic/kvdefinekeys\kvd
efinekeys.sty"
Package: kvdefinekeys 2019-12-19 v1.6 Define keys (HO)
))
("C:\Users\gjm36\AppData\Local\Programs\MiKTeX 2.9\tex/latex/kvoptions\kvoption
s.sty"
Package: kvoptions 2019/11/29 v3.13 Key value format for package options (HO)

("C:\Users\gjm36\AppData\Local\Programs\MiKTeX 2.9\tex/generic/ltxcmds\ltxcmds.
sty"
Package: ltxcmds 2019/12/15 v1.24 LaTeX kernel commands for general use (HO)
)
("C:\Users\gjm36\AppData\Local\Programs\MiKTeX 2.9\tex/generic/kvsetkeys\kvsetk
eys.sty"
Package: kvsetkeys 2019/12/15 v1.18 Key value parser (HO)
))
("C:\Users\gjm36\AppData\Local\Programs\MiKTeX 2.9\tex/latex/pdftexcmds\pdftexc
mds.sty"
Package: pdftexcmds 2019/11/24 v0.31 Utility functions of pdfTeX for LuaTeX (HO
)
Package pdftexcmds Info: \pdf@primitive is available.
Package pdftexcmds Info: \pdf@ifprimitive is available.
Package pdftexcmds Info: \pdfdraftmode found.
)
("C:\Users\gjm36\AppData\Local\Programs\MiKTeX 2.9\tex/latex/epstopdf-pkg\epsto
pdf-base.sty"
Package: epstopdf-base 2020-01-24 v2.11 Base part for package epstopdf
Package epstopdf-base Info: Redefining graphics rule for `.eps' on input line 4
85.
Package grfext Info: Graphics extension search list:
(grfext)             [.pdf,.png,.jpg,.mps,.jpeg,.jbig2,.jb2,.PDF,.PNG,.JPG,.JPE
G,.JBIG2,.JB2,.eps]
(grfext)             \AppendGraphicsExtensions on input line 504.
))
("C:\Users\gjm36\AppData\Local\Programs\MiKTeX 2.9\tex/latex/natbib\natbib.sty"
Package: natbib 2010/09/13 8.31b (PWD, AO)
\bibhang=\skip54
\bibsep=\skip55
LaTeX Info: Redefining \cite on input line 694.
\c@NAT@ctr=\count190
)
("C:\Users\gjm36\AppData\Local\Programs\MiKTeX 2.9\tex/latex/amsmath\amsmath.st
y"
Package: amsmath 2020/01/20 v2.17e AMS math features
\@mathmargin=\skip56

For additional information on amsmath, use the `?' option.

("C:\Users\gjm36\AppData\Local\Programs\MiKTeX 2.9\tex/latex/amsmath\amstext.st
y"
Package: amstext 2000/06/29 v2.01 AMS text

("C:\Users\gjm36\AppData\Local\Programs\MiKTeX 2.9\tex/latex/amsmath\amsgen.sty
"
File: amsgen.sty 1999/11/30 v2.0 generic functions
\@emptytoks=\toks22
\ex@=\dimen187
))
("C:\Users\gjm36\AppData\Local\Programs\MiKTeX 2.9\tex/latex/amsmath\amsbsy.sty
"
Package: amsbsy 1999/11/29 v1.2d Bold Symbols
\pmbraise@=\dimen188
)
("C:\Users\gjm36\AppData\Local\Programs\MiKTeX 2.9\tex/latex/amsmath\amsopn.sty
"
Package: amsopn 2016/03/08 v2.02 operator names
)
\inf@bad=\count191
LaTeX Info: Redefining \frac on input line 227.
\uproot@=\count192
\leftroot@=\count193
LaTeX Info: Redefining \overline on input line 389.
\classnum@=\count194
\DOTSCASE@=\count195
LaTeX Info: Redefining \ldots on input line 486.
LaTeX Info: Redefining \dots on input line 489.
LaTeX Info: Redefining \cdots on input line 610.
\Mathstrutbox@=\box54
\strutbox@=\box55
\big@size=\dimen189
LaTeX Font Info:    Redeclaring font encoding OML on input line 733.
LaTeX Font Info:    Redeclaring font encoding OMS on input line 734.
\macc@depth=\count196
\c@MaxMatrixCols=\count197
\dotsspace@=\muskip16
\c@parentequation=\count198
\dspbrk@lvl=\count199
\tag@help=\toks23
\row@=\count266
\column@=\count267
\maxfields@=\count268
\andhelp@=\toks24
\eqnshift@=\dimen190
\alignsep@=\dimen191
\tagshift@=\dimen192
\tagwidth@=\dimen193
\totwidth@=\dimen194
\lineht@=\dimen195
\@envbody=\toks25
\multlinegap=\skip57
\multlinetaggap=\skip58
\mathdisplay@stack=\toks26
LaTeX Info: Redefining \[ on input line 2859.
LaTeX Info: Redefining \] on input line 2860.
)
("C:\Users\gjm36\AppData\Local\Programs\MiKTeX 2.9\tex/latex/amsfonts\amssymb.s
ty"
Package: amssymb 2013/01/14 v3.01 AMS font symbols

("C:\Users\gjm36\AppData\Local\Programs\MiKTeX 2.9\tex/latex/amsfonts\amsfonts.
sty"
Package: amsfonts 2013/01/14 v3.01 Basic AMSFonts support
\symAMSa=\mathgroup4
\symAMSb=\mathgroup5
LaTeX Font Info:    Redeclaring math symbol \hbar on input line 98.
LaTeX Font Info:    Overwriting math alphabet `\mathfrak' in version `bold'
(Font)                  U/euf/m/n --> U/euf/b/n on input line 106.
))
("C:\Users\gjm36\AppData\Local\Programs\MiKTeX 2.9\tex/latex/lineno\lineno.sty"
Package: lineno 2005/11/02 line numbers on paragraphs v4.41
\linenopenalty=\count269
\output=\toks27
\linenoprevgraf=\count270
\linenumbersep=\dimen196
\linenumberwidth=\dimen197
\c@linenumber=\count271
\c@pagewiselinenumber=\count272
\c@LN@truepage=\count273
\c@internallinenumber=\count274
\c@internallinenumbers=\count275
\quotelinenumbersep=\dimen198
\bframerule=\dimen199
\bframesep=\dimen256
\bframebox=\box56
LaTeX Info: Redefining \\ on input line 3056.
)
("C:\Users\gjm36\AppData\Local\Programs\MiKTeX 2.9\tex/latex/hyperref\hyperref.
sty"
Package: hyperref 2020/01/14 v7.00d Hypertext links for LaTeX

("C:\Users\gjm36\AppData\Local\Programs\MiKTeX 2.9\tex/generic/pdfescape\pdfesc
ape.sty"
Package: pdfescape 2019/12/09 v1.15 Implements pdfTeX's escape features (HO)
)
("C:\Users\gjm36\AppData\Local\Programs\MiKTeX 2.9\tex/latex/hycolor\hycolor.st
y"
Package: hycolor 2020-01-27 v1.10 Color options for hyperref/bookmark (HO)
)
("C:\Users\gjm36\AppData\Local\Programs\MiKTeX 2.9\tex/latex/letltxmacro\letltx
macro.sty"
Package: letltxmacro 2019/12/03 v1.6 Let assignment for LaTeX macros (HO)
)
\@linkdim=\dimen257
\Hy@linkcounter=\count276
\Hy@pagecounter=\count277

("C:\Users\gjm36\AppData\Local\Programs\MiKTeX 2.9\tex/latex/hyperref\pd1enc.de
f"
File: pd1enc.def 2020/01/14 v7.00d Hyperref: PDFDocEncoding definition (HO)
Now handling font encoding PD1 ...
... no UTF-8 mapping file for font encoding PD1
)
("C:\Users\gjm36\AppData\Local\Programs\MiKTeX 2.9\tex/generic/intcalc\intcalc.
sty"
Package: intcalc 2019/12/15 v1.3 Expandable calculations with integers (HO)
)
("C:\Users\gjm36\AppData\Local\Programs\MiKTeX 2.9\tex/generic/etexcmds\etexcmd
s.sty"
Package: etexcmds 2019/12/15 v1.7 Avoid name clashes with e-TeX commands (HO)
)
\Hy@SavedSpaceFactor=\count278
Package hyperref Info: Option `colorlinks' set `true' on input line 4421.
Package hyperref Info: Hyper figures OFF on input line 4547.
Package hyperref Info: Link nesting OFF on input line 4552.
Package hyperref Info: Hyper index ON on input line 4555.
Package hyperref Info: Plain pages OFF on input line 4562.
Package hyperref Info: Backreferencing OFF on input line 4567.
Package hyperref Info: Implicit mode ON; LaTeX internals redefined.
Package hyperref Info: Bookmarks ON on input line 4800.
\c@Hy@tempcnt=\count279
 ("C:\Users\gjm36\AppData\Local\Programs\MiKTeX 2.9\tex/latex/url\url.sty"
\Urlmuskip=\muskip17
Package: url 2013/09/16  ver 3.4  Verb mode for urls, etc.
)
LaTeX Info: Redefining \url on input line 5159.
\XeTeXLinkMargin=\dimen258

("C:\Users\gjm36\AppData\Local\Programs\MiKTeX 2.9\tex/generic/bitset\bitset.st
y"
Package: bitset 2019/12/09 v1.3 Handle bit-vector datatype (HO)

("C:\Users\gjm36\AppData\Local\Programs\MiKTeX 2.9\tex/generic/bigintcalc\bigin
tcalc.sty"
Package: bigintcalc 2019/12/15 v1.5 Expandable calculations on big integers (HO
)
))
\Fld@menulength=\count280
\Field@Width=\dimen259
\Fld@charsize=\dimen260
Package hyperref Info: Hyper figures OFF on input line 6430.
Package hyperref Info: Link nesting OFF on input line 6435.
Package hyperref Info: Hyper index ON on input line 6438.
Package hyperref Info: backreferencing OFF on input line 6445.
Package hyperref Info: Link coloring ON on input line 6448.
Package hyperref Info: Link coloring with OCG OFF on input line 6455.
Package hyperref Info: PDF/A mode OFF on input line 6460.
LaTeX Info: Redefining \ref on input line 6500.
LaTeX Info: Redefining \pageref on input line 6504.

("C:\Users\gjm36\AppData\Local\Programs\MiKTeX 2.9\tex/generic/atbegshi\atbegsh
i.sty"
Package: atbegshi 2019/12/05 v1.19 At begin shipout hook (HO)
)
\Hy@abspage=\count281
\c@Item=\count282
\c@Hfootnote=\count283
)
Package hyperref Info: Driver (autodetected): hpdftex.

("C:\Users\gjm36\AppData\Local\Programs\MiKTeX 2.9\tex/latex/hyperref\hpdftex.d
ef"
File: hpdftex.def 2020/01/14 v7.00d Hyperref driver for pdfTeX

("C:\Users\gjm36\AppData\Local\Programs\MiKTeX 2.9\tex/latex/atveryend\atveryen
d.sty"
Package: atveryend 2019-12-11 v1.11 Hooks at the very end of document (HO)
)
\Fld@listcount=\count284
\c@bookmark@seq@number=\count285

("C:\Users\gjm36\AppData\Local\Programs\MiKTeX 2.9\tex/latex/rerunfilecheck\rer
unfilecheck.sty"
Package: rerunfilecheck 2019/12/05 v1.9 Rerun checks for auxiliary files (HO)

("C:\Users\gjm36\AppData\Local\Programs\MiKTeX 2.9\tex/generic/uniquecounter\un
iquecounter.sty"
Package: uniquecounter 2019/12/15 v1.4 Provide unlimited unique counter (HO)
)
Package uniquecounter Info: New unique counter `rerunfilecheck' on input line 2
86.
)
\Hy@SectionHShift=\skip59
)
("C:\Users\gjm36\AppData\Local\Programs\MiKTeX 2.9\tex/latex/physics\physics.st
y"
Package: physics 

("C:\Users\gjm36\AppData\Local\Programs\MiKTeX 2.9\tex/latex/l3packages/xparse\
xparse.sty"
("C:\Users\gjm36\AppData\Local\Programs\MiKTeX 2.9\tex/latex/l3kernel\expl3.sty
"
Package: expl3 2020-03-06 L3 programming layer (loader) 

("C:\Users\gjm36\AppData\Local\Programs\MiKTeX 2.9\tex/latex/l3backend\l3backen
d-pdfmode.def"
File: l3backend-pdfmode.def 2020-03-12 L3 backend support: PDF mode
\l__kernel_color_stack_int=\count286
\l__pdf_internal_box=\box57
))
Package: xparse 2020-03-06 L3 Experimental document command parser
\l__xparse_current_arg_int=\count287
\g__xparse_grabber_int=\count288
\l__xparse_m_args_int=\count289
\l__xparse_v_nesting_int=\count290
)) (DRAM_manual.aux)
\openout1 = `DRAM_manual.aux'.

LaTeX Font Info:    Checking defaults for OML/cmm/m/it on input line 44.
LaTeX Font Info:    ... okay on input line 44.
LaTeX Font Info:    Checking defaults for OMS/cmsy/m/n on input line 44.
LaTeX Font Info:    ... okay on input line 44.
LaTeX Font Info:    Checking defaults for OT1/cmr/m/n on input line 44.
LaTeX Font Info:    ... okay on input line 44.
LaTeX Font Info:    Checking defaults for T1/cmr/m/n on input line 44.
LaTeX Font Info:    ... okay on input line 44.
LaTeX Font Info:    Checking defaults for TS1/cmr/m/n on input line 44.
LaTeX Font Info:    ... okay on input line 44.
LaTeX Font Info:    Checking defaults for OMX/cmex/m/n on input line 44.
LaTeX Font Info:    ... okay on input line 44.
LaTeX Font Info:    Checking defaults for U/cmr/m/n on input line 44.
LaTeX Font Info:    ... okay on input line 44.
LaTeX Font Info:    Checking defaults for PD1/pdf/m/n on input line 44.
LaTeX Font Info:    ... okay on input line 44.

("C:\Users\gjm36\AppData\Local\Programs\MiKTeX 2.9\tex/context/base/mkii\supp-p
df.mkii"
[Loading MPS to PDF converter (version 2006.09.02).]
\scratchcounter=\count291
\scratchdimen=\dimen261
\scratchbox=\box58
\nofMPsegments=\count292
\nofMParguments=\count293
\everyMPshowfont=\toks28
\MPscratchCnt=\count294
\MPscratchDim=\dimen262
\MPnumerator=\count295
\makeMPintoPDFobject=\count296
\everyMPtoPDFconversion=\toks29
)
\AtBeginShipoutBox=\box59
Package hyperref Info: Link coloring ON on input line 44.

("C:\Users\gjm36\AppData\Local\Programs\MiKTeX 2.9\tex/latex/hyperref\nameref.s
ty"
Package: nameref 2019/09/16 v2.46 Cross-referencing by name of section

("C:\Users\gjm36\AppData\Local\Programs\MiKTeX 2.9\tex/latex/refcount\refcount.
sty"
Package: refcount 2019/12/15 v3.6 Data extraction from label references (HO)
)
("C:\Users\gjm36\AppData\Local\Programs\MiKTeX 2.9\tex/generic/gettitlestring\g
ettitlestring.sty"
Package: gettitlestring 2019/12/15 v1.6 Cleanup title references (HO)
)
\c@section@level=\count297
)
LaTeX Info: Redefining \ref on input line 44.
LaTeX Info: Redefining \pageref on input line 44.
LaTeX Info: Redefining \nameref on input line 44.
 (DRAM_manual.out) (DRAM_manual.out)
\@outlinefile=\write3
\openout3 = `DRAM_manual.out'.

LaTeX Font Info:    Trying to load font information for U+msa on input line 47.


("C:\Users\gjm36\AppData\Local\Programs\MiKTeX 2.9\tex/latex/amsfonts\umsa.fd"
File: umsa.fd 2013/01/14 v3.01 AMS symbols A
)
LaTeX Font Info:    Trying to load font information for U+msb on input line 47.

("C:\Users\gjm36\AppData\Local\Programs\MiKTeX 2.9\tex/latex/amsfonts\umsb.fd"
File: umsb.fd 2013/01/14 v3.01 AMS symbols B
)
\c@uob=\count298
(DRAM_manual.toc)
\tf@toc=\write4
\openout4 = `DRAM_manual.toc'.



Package natbib Warning: Citation `meijer2019drm' on page 1 undefined on input l
ine 57.

[1

{C:/Users/gjm36/AppData/Local/MiKTeX/2.9/pdftex/config/pdftex.map}]

Package natbib Warning: Citation `meijer2019drm' on page 2 undefined on input l
ine 68.


Package natbib Warning: Citation `R' on page 2 undefined on input line 70.


Package natbib Warning: Citation `shiny' on page 2 undefined on input line 70.


Package natbib Warning: Citation `plotly' on page 2 undefined on input line 70.



Overfull \hbox (2.91412pt too wide) in paragraph at lines 85--86
[][][]\OT1/cmr/m/n/10.95 `Soil prop-er-ties'[][]: con-tains in-put for soil pro
p-er-ties and shear dis-place-ments (soil strength,
 []


Package natbib Warning: Citation `plotly' on page 2 undefined on input line 87.



Overfull \hbox (13.94525pt too wide) in paragraph at lines 99--100
[]\OT1/cmr/m/n/10.95 Stresses/strengths (e.g. root ten-sile strength, soil stre
ngth and stress, root-reinforcements).
 []

Package epstopdf Info: Source file: <Figures/20190516_CoordinateSystem.eps>
(epstopdf)                    date: 2019-05-16 10:27:02
(epstopdf)                    size: 91889 bytes
(epstopdf)             Output file: <Figures/20190516_CoordinateSystem-eps-conv
erted-to.pdf>
(epstopdf)                    date: 2019-05-16 10:28:54
(epstopdf)                    size: 36233 bytes
(epstopdf)             Command: <epstopdf --outfile=Figures/20190516_Coordinate
System-eps-converted-to.pdf Figures/20190516_CoordinateSystem.eps>
(epstopdf)             \includegraphics on input line 113.
Package epstopdf Info: Output file is already uptodate.
<Figures/20190516_CoordinateSystem-eps-converted-to.pdf, id=124, 446.66875pt x 
217.81375pt>
File: Figures/20190516_CoordinateSystem-eps-converted-to.pdf Graphic file (type
 pdf)
<use Figures/20190516_CoordinateSystem-eps-converted-to.pdf>
Package pdftex.def Info: Figures/20190516_CoordinateSystem-eps-converted-to.pdf
  used on input line 113.
(pdftex.def)             Requested size: 352.8155pt x 172.05103pt.
[2]
Package epstopdf Info: Source file: <Figures/20190607_ndiameters.eps>
(epstopdf)                    date: 2019-10-16 14:44:19
(epstopdf)                    size: 55019 bytes
(epstopdf)             Output file: <Figures/20190607_ndiameters-eps-converted-
to.pdf>
(epstopdf)                    date: 2019-10-16 14:56:14
(epstopdf)                    size: 20860 bytes
(epstopdf)             Command: <epstopdf --outfile=Figures/20190607_ndiameters
-eps-converted-to.pdf Figures/20190607_ndiameters.eps>
(epstopdf)             \includegraphics on input line 141.
Package epstopdf Info: Output file is already uptodate.


pdfTeX warning: pdflatex.exe (file ./Figures/20190607_ndiameters-eps-converted-
to.pdf): PDF inclusion: found PDF version <1.7>, but at most version <1.5> allo
wed
<Figures/20190607_ndiameters-eps-converted-to.pdf, id=136, 206.7725pt x 63.2362
5pt>
File: Figures/20190607_ndiameters-eps-converted-to.pdf Graphic file (type pdf)
<use Figures/20190607_ndiameters-eps-converted-to.pdf>
Package pdftex.def Info: Figures/20190607_ndiameters-eps-converted-to.pdf  used
 on input line 141.
(pdftex.def)             Requested size: 220.50885pt x 67.43921pt.
[3 <./Figures/20190516_CoordinateSystem-eps-converted-to.pdf>]
Package epstopdf Info: Source file: <Figures/20190607_rootfractions.eps>
(epstopdf)                    date: 2019-10-18 16:15:27
(epstopdf)                    size: 98353 bytes
(epstopdf)             Output file: <Figures/20190607_rootfractions-eps-convert
ed-to.pdf>
(epstopdf)                    date: 2019-10-18 16:15:44
(epstopdf)                    size: 30850 bytes
(epstopdf)             Command: <epstopdf --outfile=Figures/20190607_rootfracti
ons-eps-converted-to.pdf Figures/20190607_rootfractions.eps>
(epstopdf)             \includegraphics on input line 167.
Package epstopdf Info: Output file is already uptodate.


pdfTeX warning: pdflatex.exe (file ./Figures/20190607_rootfractions-eps-convert
ed-to.pdf): PDF inclusion: found PDF version <1.7>, but at most version <1.5> a
llowed
<Figures/20190607_rootfractions-eps-converted-to.pdf, id=167, 246.9225pt x 183.
68625pt>
File: Figures/20190607_rootfractions-eps-converted-to.pdf Graphic file (type pd
f)
<use Figures/20190607_rootfractions-eps-converted-to.pdf>
Package pdftex.def Info: Figures/20190607_rootfractions-eps-converted-to.pdf  u
sed on input line 167.
(pdftex.def)             Requested size: 264.61331pt x 196.85623pt.
Package epstopdf Info: Source file: <Figures/20190614_OrientationOffset.eps>
(epstopdf)                    date: 2019-06-14 10:45:51
(epstopdf)                    size: 43434 bytes
(epstopdf)             Output file: <Figures/20190614_OrientationOffset-eps-con
verted-to.pdf>
(epstopdf)                    date: 2019-10-16 16:58:39
(epstopdf)                    size: 19002 bytes
(epstopdf)             Command: <epstopdf --outfile=Figures/20190614_Orientatio
nOffset-eps-converted-to.pdf Figures/20190614_OrientationOffset.eps>
(epstopdf)             \includegraphics on input line 185.
Package epstopdf Info: Output file is already uptodate.


pdfTeX warning: pdflatex.exe (file ./Figures/20190614_OrientationOffset-eps-con
verted-to.pdf): PDF inclusion: found PDF version <1.7>, but at most version <1.
5> allowed
<Figures/20190614_OrientationOffset-eps-converted-to.pdf, id=170, 155.58125pt x
 76.285pt>
File: Figures/20190614_OrientationOffset-eps-converted-to.pdf Graphic file (typ
e pdf)
<use Figures/20190614_OrientationOffset-eps-converted-to.pdf>
Package pdftex.def Info: Figures/20190614_OrientationOffset-eps-converted-to.pd
f  used on input line 185.
(pdftex.def)             Requested size: 220.50885pt x 108.12173pt.
[4 <./Figures/20190607_ndiameters-eps-converted-to.pdf>] [5 <./Figures/20190607
_rootfractions-eps-converted-to.pdf> <./Figures/20190614_OrientationOffset-eps-
converted-to.pdf>]
Package epstopdf Info: Source file: <Figures/20190607_2Drootorientations.eps>
(epstopdf)                    date: 2019-10-16 15:38:32
(epstopdf)                    size: 73027 bytes
(epstopdf)             Output file: <Figures/20190607_2Drootorientations-eps-co
nverted-to.pdf>
(epstopdf)                    date: 2019-10-16 16:58:40
(epstopdf)                    size: 22661 bytes
(epstopdf)             Command: <epstopdf --outfile=Figures/20190607_2Drootorie
ntations-eps-converted-to.pdf Figures/20190607_2Drootorientations.eps>
(epstopdf)             \includegraphics on input line 205.
Package epstopdf Info: Output file is already uptodate.


pdfTeX warning: pdflatex.exe (file ./Figures/20190607_2Drootorientations-eps-co
nverted-to.pdf): PDF inclusion: found PDF version <1.7>, but at most version <1
.5> allowed
<Figures/20190607_2Drootorientations-eps-converted-to.pdf, id=226, 190.7125pt x
 126.4725pt>
File: Figures/20190607_2Drootorientations-eps-converted-to.pdf Graphic file (ty
pe pdf)
<use Figures/20190607_2Drootorientations-eps-converted-to.pdf>
Package pdftex.def Info: Figures/20190607_2Drootorientations-eps-converted-to.p
df  used on input line 205.
(pdftex.def)             Requested size: 176.40439pt x 116.98907pt.
[6 <./Figures/20190607_2Drootorientations-eps-converted-to.pdf>]
Package epstopdf Info: Source file: <Figures/20191016_PolarGrid.eps>
(epstopdf)                    date: 2019-10-16 16:40:31
(epstopdf)                    size: 140889 bytes
(epstopdf)             Output file: <Figures/20191016_PolarGrid-eps-converted-t
o.pdf>
(epstopdf)                    date: 2019-10-16 16:58:40
(epstopdf)                    size: 50410 bytes
(epstopdf)             Command: <epstopdf --outfile=Figures/20191016_PolarGrid-
eps-converted-to.pdf Figures/20191016_PolarGrid.eps>
(epstopdf)             \includegraphics on input line 230.
Package epstopdf Info: Output file is already uptodate.


pdfTeX warning: pdflatex.exe (file ./Figures/20191016_PolarGrid-eps-converted-t
o.pdf): PDF inclusion: found PDF version <1.7>, but at most version <1.5> allow
ed
<Figures/20191016_PolarGrid-eps-converted-to.pdf, id=256, 619.31375pt x 297.11p
t>
File: Figures/20191016_PolarGrid-eps-converted-to.pdf Graphic file (type pdf)
<use Figures/20191016_PolarGrid-eps-converted-to.pdf>
Package pdftex.def Info: Figures/20191016_PolarGrid-eps-converted-to.pdf  used 
on input line 230.
(pdftex.def)             Requested size: 352.8155pt x 169.26831pt.
[7 <./Figures/20191016_PolarGrid-eps-converted-to.pdf>]
Package epstopdf Info: Source file: <Figures/20190527_ElastoPlasticRoot_Definit
ions.eps>
(epstopdf)                    date: 2019-05-27 11:58:28
(epstopdf)                    size: 39548 bytes
(epstopdf)             Output file: <Figures/20190527_ElastoPlasticRoot_Definit
ions-eps-converted-to.pdf>
(epstopdf)                    date: 2019-05-27 12:03:45
(epstopdf)                    size: 11615 bytes
(epstopdf)             Command: <epstopdf --outfile=Figures/20190527_ElastoPlas
ticRoot_Definitions-eps-converted-to.pdf Figures/20190527_ElastoPlasticRoot_Def
initions.eps>
(epstopdf)             \includegraphics on input line 274.
Package epstopdf Info: Output file is already uptodate.
<Figures/20190527_ElastoPlasticRoot_Definitions-eps-converted-to.pdf, id=286, 1
18.4425pt x 94.3525pt>
File: Figures/20190527_ElastoPlasticRoot_Definitions-eps-converted-to.pdf Graph
ic file (type pdf)
<use Figures/20190527_ElastoPlasticRoot_Definitions-eps-converted-to.pdf>
Package pdftex.def Info: Figures/20190527_ElastoPlasticRoot_Definitions-eps-con
verted-to.pdf  used on input line 274.
(pdftex.def)             Requested size: 220.50885pt x 175.66512pt.
 [8 <./Figures/20190527_ElastoPlasticRoot_Definitions-eps-converted-to.pdf>]

Package natbib Warning: Citation `schwarz2013' on page 9 undefined on input lin
e 301.


Package natbib Warning: Citation `oda1999' on page 9 undefined on input line 32
9.

[9] [10] [11]

Package natbib Warning: Citation `waldron1977' on page 12 undefined on input li
ne 441.


Package natbib Warning: Citation `wu1979' on page 12 undefined on input line 44
1.


Package natbib Warning: Citation `pollen2005' on page 12 undefined on input lin
e 452.


Package natbib Warning: Citation `comino2010' on page 12 undefined on input lin
e 463.


Package natbib Warning: Citation `thomas2010' on page 12 undefined on input lin
e 463.


Package natbib Warning: Citation `mao2012' on page 12 undefined on input line 4
63.

[12]

Package natbib Warning: Citation `schwarz2010' on page 13 undefined on input li
ne 470.


Package natbib Warning: Citation `schwarz2013' on page 13 undefined on input li
ne 484.

(DRAM_manual.bbl [13])

Package natbib Warning: There were undefined citations.

Package atveryend Info: Empty hook `BeforeClearDocument' on input line 512.
[14]
Package atveryend Info: Empty hook `AfterLastShipout' on input line 512.
 (DRAM_manual.aux

Package natbib Warning: Citation(s) may have changed.
(natbib)                Rerun to get citations correct.

)
Package atveryend Info: Executing hook `AtVeryEndDocument' on input line 512.
Package atveryend Info: Executing hook `AtEndAfterFileList' on input line 512.
Package rerunfilecheck Info: File `DRAM_manual.out' has not changed.
(rerunfilecheck)             Checksum: F6AE2B09E673CB53ECA36B3EE6CF09DD;1476.


LaTeX Warning: Label(s) may have changed. Rerun to get cross-references right.

 ) 
Here is how much of TeX's memory you used:
 10240 strings out of 480934
 155169 string characters out of 2899917
 438414 words of memory out of 3000000
 25799 multiletter control sequences out of 15000+200000
 546234 words of font info for 75 fonts, out of 3000000 for 9000
 1141 hyphenation exceptions out of 8191
 46i,12n,55p,823b,459s stack positions out of 5000i,500n,10000p,200000b,50000s
 <C:\Users\gjm36\AppData\Local\MiKTeX\2.9\fonts/pk/ljfour/jknappen/ec/dpi600\
tcrm0600.pk> <C:\Users\gjm36\AppData\Local\MiKTeX\2.9\fonts/pk/ljfour/jknappen/
ec/dpi600\tcrm1095.pk> <C:\Users\gjm36\AppData\Local\MiKTeX\2.9\fonts/pk/ljfour
/jknappen/ec/dpi600\tcrm0800.pk><C:/Users/gjm36/AppData/Local/Programs/MiKTeX 2
.9/fonts/type1/public/amsfonts/cmextra/cmbsy8.pfb><C:/Users/gjm36/AppData/Local
/Programs/MiKTeX 2.9/fonts/type1/public/amsfonts/cm/cmbx10.pfb><C:/Users/gjm36/
AppData/Local/Programs/MiKTeX 2.9/fonts/type1/public/amsfonts/cm/cmbx12.pfb><C:
/Users/gjm36/AppData/Local/Programs/MiKTeX 2.9/fonts/type1/public/amsfonts/cm/c
mbx8.pfb><C:/Users/gjm36/AppData/Local/Programs/MiKTeX 2.9/fonts/type1/public/a
msfonts/cm/cmex10.pfb><C:/Users/gjm36/AppData/Local/Programs/MiKTeX 2.9/fonts/t
ype1/public/amsfonts/cmextra/cmex8.pfb><C:/Users/gjm36/AppData/Local/Programs/M
iKTeX 2.9/fonts/type1/public/amsfonts/cm/cmmi10.pfb><C:/Users/gjm36/AppData/Loc
al/Programs/MiKTeX 2.9/fonts/type1/public/amsfonts/cm/cmmi6.pfb><C:/Users/gjm36
/AppData/Local/Programs/MiKTeX 2.9/fonts/type1/public/amsfonts/cm/cmmi8.pfb><C:
/Users/gjm36/AppData/Local/Programs/MiKTeX 2.9/fonts/type1/public/amsfonts/cm/c
mmib10.pfb><C:/Users/gjm36/AppData/Local/Programs/MiKTeX 2.9/fonts/type1/public
/amsfonts/cmextra/cmmib8.pfb><C:/Users/gjm36/AppData/Local/Programs/MiKTeX 2.9/
fonts/type1/public/amsfonts/cm/cmr10.pfb><C:/Users/gjm36/AppData/Local/Programs
/MiKTeX 2.9/fonts/type1/public/amsfonts/cm/cmr12.pfb><C:/Users/gjm36/AppData/Lo
cal/Programs/MiKTeX 2.9/fonts/type1/public/amsfonts/cm/cmr17.pfb><C:/Users/gjm3
6/AppData/Local/Programs/MiKTeX 2.9/fonts/type1/public/amsfonts/cm/cmr8.pfb><C:
/Users/gjm36/AppData/Local/Programs/MiKTeX 2.9/fonts/type1/public/amsfonts/cm/c
mr9.pfb><C:/Users/gjm36/AppData/Local/Programs/MiKTeX 2.9/fonts/type1/public/am
sfonts/cm/cmsy10.pfb><C:/Users/gjm36/AppData/Local/Programs/MiKTeX 2.9/fonts/ty
pe1/public/amsfonts/cm/cmsy8.pfb><C:/Users/gjm36/AppData/Local/Programs/MiKTeX 
2.9/fonts/type1/public/amsfonts/cm/cmti10.pfb><C:/Users/gjm36/AppData/Local/Pro
grams/MiKTeX 2.9/fonts/type1/public/amsfonts/cm/cmtt10.pfb>
Output written on DRAM_manual.pdf (14 pages, 496451 bytes).
PDF statistics:
 475 PDF objects out of 1000 (max. 8388607)
 98 named destinations out of 1000 (max. 500000)
 196 words of extra memory for PDF output out of 10000 (max. 10000000)

